<?xml version="1.0" encoding="UTF-8"?>
<!-- Generated by org.testng.reporters.JUnitReportReporter -->
<testsuite hostname="Sangee-NEW" failures="0" tests="3" name="MyDataProvider.c1" time="11.924" errors="0" timestamp="2022-11-19T02:52:42 IST" skipped="0">
  <testcase classname="MyDataProvider.c1" name="dataset" time="3.848"/>
  <system-out/>
  <testcase classname="MyDataProvider.c1" name="dataset" time="3.796"/>
  <system-out/>
  <testcase classname="MyDataProvider.c1" name="dataset" time="4.280"/>
  <system-out/>
</testsuite> <!-- MyDataProvider.c1 -->
