<?xml version="1.0" encoding="UTF-8"?>
<!-- Generated by org.testng.reporters.JUnitReportReporter -->
<testsuite hostname="Sangee-NEW" failures="0" tests="1" name="pack1.c2" time="7.257" errors="0" timestamp="2022-11-16T23:03:36 IST" skipped="0">
  <testcase classname="pack1.c2" name="Test2" time="7.257"/>
  <system-out/>
</testsuite> <!-- pack1.c2 -->
