<?xml version="1.0" encoding="UTF-8"?>
<!-- Generated by org.testng.reporters.JUnitReportReporter -->
<testsuite hostname="Sangee-NEW" failures="0" tests="1" name="LOG.Log_c1" time="0.019" errors="0" timestamp="2022-11-18T23:36:23 IST" skipped="0">
  <testcase classname="LOG.Log_c1" name="test1" time="0.019"/>
  <system-out/>
</testsuite> <!-- LOG.Log_c1 -->
