<?xml version="1.0" encoding="UTF-8"?>
<!-- Generated by org.testng.reporters.JUnitReportReporter -->
<testsuite hostname="Sangee-NEW" failures="0" tests="1" name="pack2.c4" time="11.836" errors="0" timestamp="2022-11-16T23:03:36 IST" skipped="0">
  <testcase classname="pack2.c4" name="Test4" time="11.836"/>
  <system-out/>
</testsuite> <!-- pack2.c4 -->
