<?xml version="1.0" encoding="UTF-8"?>
<!-- Generated by org.testng.reporters.JUnitReportReporter -->
<testsuite hostname="Sangee-NEW" failures="0" tests="1" name="excel.read_write" time="0.840" errors="0" timestamp="2022-11-21T00:07:37 IST" skipped="0">
  <testcase classname="excel.read_write" name="test1" time="0.840"/>
  <system-out/>
</testsuite> <!-- excel.read_write -->
