<?xml version="1.0" encoding="UTF-8"?>
<!-- Generated by org.testng.reporters.JUnitReportReporter -->
<testsuite hostname="Sangee-NEW" failures="0" tests="1" name="using_autoit.c1" time="10.458" errors="0" timestamp="2022-11-23T09:07:56 IST" skipped="0">
  <testcase classname="using_autoit.c1" name="m1" time="10.458"/>
  <system-out/>
</testsuite> <!-- using_autoit.c1 -->
