<?xml version="1.0" encoding="UTF-8"?>
<!-- Generated by org.testng.reporters.JUnitReportReporter -->
<testsuite hostname="Sangee-NEW" failures="0" tests="1" name="pack2.c2" time="2.328" errors="0" timestamp="24 Nov 2022 15:20:39 GMT" skipped="0">
  <testcase classname="pack2.c2" name="t1" time="2.328"/>
</testsuite> <!-- pack2.c2 -->
