<?xml version="1.0" encoding="UTF-8"?>
<!-- Generated by org.testng.reporters.JUnitReportReporter -->
<testsuite hostname="Sangee-NEW" failures="0" tests="1" name="parameterisation.c1" time="3.977" errors="0" timestamp="2022-11-21T09:12:33 IST" skipped="0">
  <testcase classname="parameterisation.c1" name="test1" time="3.977"/>
  <system-out/>
</testsuite> <!-- parameterisation.c1 -->
